<?xml version="1.0" encoding="UTF-8"?>
<!-- Generated by org.testng.reporters.JUnitReportReporter -->
<testsuite skipped="0" hostname="QT-INBG-LT0596" name="com.test.shridhara.WebAutomation.Scenario2Test" tests="1" failures="0" timestamp="2021-04-20T18:43:37 EDT" time="18.935" errors="0">
  <testcase name="updatePersonalInfo" time="18.935" classname="com.test.shridhara.WebAutomation.Scenario2Test"/>
  <system-out>
Opening URL http://automationpractice.com/index.php Finding element with locatorBy.xpath: //div[@class='header_user_info']/a[@class='login'] Entering valuetestuser1@mail.com Finding element with locatorBy.xpath: //input[@id='email'] Entering value123456 Finding element with locatorBy.xpath: //*[@id='passwd'] Finding element with locatorBy.xpath: //*[@id='SubmitLogin'] Finding element with locatorBy.xpath: //div[@class='header_user_info']/a[@class='account'] Finding element with locatorBy.xpath: //span[text()='My personal information'] Updated name iQ Entering valueiQ Finding element with locatorBy.id: lastname Entering value123456 Finding element with locatorBy.id: old_passwd Finding element with locatorBy.xpath: //button[@name='submitIdentity'] Finding element with locatorBy.xpath: //a[@class='account']/span Actaul Username Testing leaguessfnewAINiQ ...........Successfully verified Personal info changes...........  </system-out>
</testsuite> <!-- com.test.shridhara.WebAutomation.Scenario2Test -->
